<?xml version="1.0" encoding="UTF-8"?>
<!-- Generated by org.testng.reporters.JUnitReportReporter -->
<testsuite skipped="0" hostname="DESKTOP-37QOBBH" name="com.xbox.qa.testcases.HomePageTest" tests="1" failures="0" timestamp="2022-02-09T14:01:06 CST" time="18.667" errors="0">
  <testcase name="selectLeaderBoardPage" time="18.667" classname="com.xbox.qa.testcases.HomePageTest"/>
  <system-out/>
</testsuite> <!-- com.xbox.qa.testcases.HomePageTest -->
