<?xml version="1.0" encoding="UTF-8"?>
<!-- Generated by org.testng.reporters.JUnitReportReporter -->
<testsuite skipped="0" hostname="DESKTOP-37QOBBH" name="com.xbox.qa.testcases.LeaderBoardPageTest" tests="1" failures="0" timestamp="2022-03-12T20:12:43 CST" time="6.536" errors="0">
  <testcase name="ValidateGameTagsTest" time="6.536" classname="com.xbox.qa.testcases.LeaderBoardPageTest"/>
  <system-out/>
</testsuite> <!-- com.xbox.qa.testcases.LeaderBoardPageTest -->
