<?xml version="1.0" encoding="UTF-8"?>
<!-- Generated by org.testng.reporters.JUnitReportReporter -->
<testsuite skipped="0" hostname="DESKTOP-37QOBBH" name="com.xbox.qa.testcases.HomePageTest" tests="3" failures="0" timestamp="2022-03-12T20:12:43 CST" time="19.573" errors="0">
  <testcase name="verifyHomePageTest" time="3.440" classname="com.xbox.qa.testcases.HomePageTest"/>
  <system-out/>
  <testcase name="selectLeaderBoardPage" time="6.594" classname="com.xbox.qa.testcases.HomePageTest"/>
  <system-out/>
  <testcase name="validateGamesTitleTest" time="9.539" classname="com.xbox.qa.testcases.HomePageTest"/>
  <system-out/>
</testsuite> <!-- com.xbox.qa.testcases.HomePageTest -->
